\\VMWARE-HOST\SHARED FOLDERS\文稿\VISUAL STUDIO 2012\PROJECTS\EXAMPLE17\EXAMPLE17\DEBUG\EXAMPLE17.PCH
\\VMWARE-HOST\SHARED FOLDERS\文稿\VISUAL STUDIO 2012\PROJECTS\EXAMPLE17\EXAMPLE17\DEBUG\STDAFX.OBJ
\\VMWARE-HOST\SHARED FOLDERS\文稿\VISUAL STUDIO 2012\PROJECTS\EXAMPLE17\EXAMPLE17\DEBUG\VC110.PDB
\\VMWARE-HOST\SHARED FOLDERS\文稿\VISUAL STUDIO 2012\PROJECTS\EXAMPLE17\EXAMPLE17\DEBUG\COLOR.OBJ
\\VMWARE-HOST\SHARED FOLDERS\文稿\VISUAL STUDIO 2012\PROJECTS\EXAMPLE17\EXAMPLE17\DEBUG\EXAMPLE17.OBJ
\\VMWARE-HOST\SHARED FOLDERS\文稿\VISUAL STUDIO 2012\PROJECTS\EXAMPLE17\EXAMPLE17\DEBUG\EXAMPLE17DLG.OBJ
\\VMWARE-HOST\SHARED FOLDERS\文稿\VISUAL STUDIO 2012\PROJECTS\EXAMPLE17\EXAMPLE17\DEBUG\FONT.OBJ
\\VMWARE-HOST\SHARED FOLDERS\文稿\VISUAL STUDIO 2012\PROJECTS\EXAMPLE17\EXAMPLE17\DEBUG\GAMEDLG.OBJ
\\VMWARE-HOST\SHARED FOLDERS\文稿\VISUAL STUDIO 2012\PROJECTS\EXAMPLE17\EXAMPLE17\DEBUG\LOGIN.OBJ
\\VMWARE-HOST\SHARED FOLDERS\文稿\VISUAL STUDIO 2012\PROJECTS\EXAMPLE17\EXAMPLE17\DEBUG\SNAKE.OBJ
\\VMWARE-HOST\SHARED FOLDERS\文稿\VISUAL STUDIO 2012\PROJECTS\EXAMPLE17\EXAMPLE17\DEBUG\TABLE.OBJ
\\vmware-host\shared folders\文稿\visual studio 2012\Projects\Example17\Example17\Debug\Color.obj
\\vmware-host\shared folders\文稿\visual studio 2012\Projects\Example17\Example17\Debug\Example17.obj
\\vmware-host\shared folders\文稿\visual studio 2012\Projects\Example17\Example17\Debug\Example17Dlg.obj
\\vmware-host\shared folders\文稿\visual studio 2012\Projects\Example17\Example17\Debug\FONT.obj
\\vmware-host\shared folders\文稿\visual studio 2012\Projects\Example17\Example17\Debug\GAMEDLG.obj
\\vmware-host\shared folders\文稿\visual studio 2012\Projects\Example17\Example17\Debug\Login.obj
\\vmware-host\shared folders\文稿\visual studio 2012\Projects\Example17\Example17\Debug\snake.obj
\\vmware-host\shared folders\文稿\visual studio 2012\Projects\Example17\Example17\Debug\stdafx.obj
\\vmware-host\shared folders\文稿\visual studio 2012\Projects\Example17\Example17\Debug\table.obj
\\vmware-host\shared folders\文稿\visual studio 2012\Projects\Example17\Example17\Debug\cl.command.1.tlog
\\vmware-host\shared folders\文稿\visual studio 2012\Projects\Example17\Example17\Debug\CL.read.1.tlog
\\vmware-host\shared folders\文稿\visual studio 2012\Projects\Example17\Example17\Debug\CL.write.1.tlog
\\vmware-host\shared folders\文稿\visual studio 2012\Projects\Example17\Example17\Debug\link-cvtres.read.1.tlog
\\vmware-host\shared folders\文稿\visual studio 2012\Projects\Example17\Example17\Debug\link-cvtres.write.1.tlog
\\vmware-host\shared folders\文稿\visual studio 2012\Projects\Example17\Example17\Debug\link-mt.read.1.tlog
\\vmware-host\shared folders\文稿\visual studio 2012\Projects\Example17\Example17\Debug\link-mt.write.1.tlog
\\vmware-host\shared folders\文稿\visual studio 2012\Projects\Example17\Example17\Debug\link-rc.read.1.tlog
\\vmware-host\shared folders\文稿\visual studio 2012\Projects\Example17\Example17\Debug\link-rc.write.1.tlog
\\vmware-host\shared folders\文稿\visual studio 2012\Projects\Example17\Example17\Debug\link.command.1.tlog
\\vmware-host\shared folders\文稿\visual studio 2012\Projects\Example17\Example17\Debug\link.read.1.tlog
\\vmware-host\shared folders\文稿\visual studio 2012\Projects\Example17\Example17\Debug\link.write.1.tlog
\\vmware-host\shared folders\文稿\visual studio 2012\Projects\Example17\Example17\Debug\rc.command.1.tlog
\\vmware-host\shared folders\文稿\visual studio 2012\Projects\Example17\Example17\Debug\rc.read.1.tlog
\\vmware-host\shared folders\文稿\visual studio 2012\Projects\Example17\Example17\Debug\rc.write.1.tlog
\\vmware-host\shared folders\文稿\visual studio 2012\Projects\Example17\Example17\Debug\Example17.res
\\vmware-host\shared folders\文稿\visual studio 2012\Projects\Example17\Example17\Debug\Example17.pch
\\vmware-host\shared folders\文稿\visual studio 2012\Projects\Example17\Example17\Debug\vc110.idb
\\vmware-host\shared folders\文稿\visual studio 2012\Projects\Example17\Example17\Debug\vc110.pdb
\\vmware-host\shared folders\文稿\visual studio 2012\Projects\Example17\Debug\Example17.pdb
